<?xml version="1.0" encoding="UTF-8"?>
<!-- Generated by org.testng.reporters.JUnitReportReporter -->
<testsuite hostname="BLSS-SALE050" name="pages.PurposeAndPropertyPage" tests="1" failures="0" timestamp="25 Oct 2018 05:46:37 GMT" time="110.775" errors="0">
  <testcase name="enterEmploymentPage" time="110.775" classname="pages.PurposeAndPropertyPage"/>
</testsuite> <!-- pages.PurposeAndPropertyPage -->
