<?xml version="1.0" encoding="UTF-8"?>
<!-- Generated by org.testng.reporters.JUnitReportReporter -->
<testsuite hostname="BLSS-SALE050" name="pages.REOPage" tests="1" failures="0" timestamp="19 Sep 2018 13:51:59 GMT" time="69.218" errors="0">
  <testcase name="enterInfoDir" time="69.218" classname="pages.REOPage"/>
</testsuite> <!-- pages.REOPage -->
