<?xml version="1.0" encoding="UTF-8"?>
<!-- Generated by org.testng.reporters.JUnitReportReporter -->
<testsuite hostname="WIN-N8LPM3I5HOH" name="pages.ChecklistsPage" tests="1" failures="0" timestamp="5 Nov 2018 06:37:55 GMT" time="22.094" errors="0">
  <testcase name="enterAssetsInfoDir" time="22.094" classname="pages.ChecklistsPage"/>
</testsuite> <!-- pages.ChecklistsPage -->
