<?xml version="1.0" encoding="UTF-8"?>
<!-- Generated by org.testng.reporters.JUnitReportReporter -->
<testsuite hostname="BLSS-SALE050" name="com.wtc.conventionalscripts.CRMManuaScriptWithStartAndEndoints" tests="2" failures="0" timestamp="25 Oct 2018 11:29:15 GMT" time="1090.036" errors="0">
  <testcase name="testCRMAndLOS" time="439.979" classname="com.wtc.conventionalscripts.CRMManuaScriptWithStartAndEndoints"/>
  <testcase name="testCRMAndLOS" time="650.057" classname="com.wtc.conventionalscripts.CRMManuaScriptWithStartAndEndoints"/>
</testsuite> <!-- com.wtc.conventionalscripts.CRMManuaScriptWithStartAndEndoints -->
