<?xml version="1.0" encoding="UTF-8"?>
<!-- Generated by org.testng.reporters.JUnitReportReporter -->
<testsuite hostname="BLSS-SALE050" name="pages.IncomePage" tests="1" failures="0" timestamp="3 Jul 2018 10:43:28 GMT" time="57.129" errors="0">
  <testcase name="enterAssetsInfoDir" time="57.129" classname="pages.IncomePage"/>
</testsuite> <!-- pages.IncomePage -->
