<?xml version="1.0" encoding="UTF-8"?>
<!-- Generated by org.testng.reporters.JUnitReportReporter -->
<testsuite hostname="BLSS-SALE050" name="pages.IncomeVerificationPage" tests="1" failures="0" timestamp="3 Jul 2018 10:59:13 GMT" time="104.332" errors="0">
  <testcase name="enterAssetsInfoDir" time="104.332" classname="pages.IncomeVerificationPage"/>
</testsuite> <!-- pages.IncomeVerificationPage -->
