<?xml version="1.0" encoding="UTF-8"?>
<!-- Generated by org.testng.reporters.JUnitReportReporter -->
<testsuite hostname="WIN-N8LPM3I5HOH" name="pages.AssetVerficationPage" tests="1" failures="0" timestamp="5 Nov 2018 05:40:45 GMT" time="38.264" errors="0">
  <testcase name="enterAssetVerification" time="38.264" classname="pages.AssetVerficationPage"/>
</testsuite> <!-- pages.AssetVerficationPage -->
