<?xml version="1.0" encoding="UTF-8"?>
<!-- Generated by org.testng.reporters.JUnitReportReporter -->
<testsuite hostname="BLSS-SALE050" name="pages.LegalDescriptionPage" tests="1" failures="0" timestamp="3 Jul 2018 11:01:43 GMT" time="34.745" errors="0">
  <testcase name="enterAssetsInfoDir" time="34.745" classname="pages.LegalDescriptionPage"/>
</testsuite> <!-- pages.LegalDescriptionPage -->
