<?xml version="1.0" encoding="UTF-8"?>
<!-- Generated by org.testng.reporters.JUnitReportReporter -->
<testsuite hostname="BLSS-SALE050" name="pages.FundingInformationPage" tests="1" failures="0" timestamp="6 Sep 2018 06:17:11 GMT" time="58.900" errors="0">
  <testcase name="enterAssetsInfoDir" time="58.900" classname="pages.FundingInformationPage"/>
</testsuite> <!-- pages.FundingInformationPage -->
