<?xml version="1.0" encoding="UTF-8"?>
<!-- Generated by org.testng.reporters.JUnitReportReporter -->
<testsuite hostname="BLSS-SALE050" name="pages.CRMAssetsPage" tests="1" failures="0" timestamp="19 Sep 2018 08:50:19 GMT" time="214.613" errors="0">
  <testcase name="enterAssetsInfoDir" time="214.613" classname="pages.CRMAssetsPage"/>
</testsuite> <!-- pages.CRMAssetsPage -->
