<?xml version="1.0" encoding="UTF-8"?>
<!-- Generated by org.testng.reporters.JUnitReportReporter -->
<testsuite hostname="BLSS-SALE050" name="pages.LOSDetailsOfTransactionPage" tests="1" failures="0" timestamp="3 Jul 2018 11:41:47 GMT" time="33.578" errors="0">
  <testcase name="enterAssetsInfoDir" time="33.578" classname="pages.LOSDetailsOfTransactionPage"/>
</testsuite> <!-- pages.LOSDetailsOfTransactionPage -->
