<?xml version="1.0" encoding="UTF-8"?>
<!-- Generated by org.testng.reporters.JUnitReportReporter -->
<testsuite hostname="BLSS-SALE050" name="pages.LOSProposedHousingExpensePage" tests="1" failures="0" timestamp="3 Jul 2018 14:02:13 GMT" time="26.318" errors="0">
  <testcase name="enterAssetsInfoDir" time="26.318" classname="pages.LOSProposedHousingExpensePage"/>
</testsuite> <!-- pages.LOSProposedHousingExpensePage -->
