<?xml version="1.0" encoding="UTF-8"?>
<!-- Generated by org.testng.reporters.JUnitReportReporter -->
<testsuite hostname="WIN-N8LPM3I5HOH" name="com.wtc.conventionalscripts.LOSManualScriptWithStartAndEndDate" tests="1" failures="0" timestamp="30 Oct 2018 10:37:12 GMT" time="64.776" errors="0">
  <testcase name="testCRMAndLOS" time="64.776" classname="com.wtc.conventionalscripts.LOSManualScriptWithStartAndEndDate"/>
</testsuite> <!-- com.wtc.conventionalscripts.LOSManualScriptWithStartAndEndDate -->
