<?xml version="1.0" encoding="UTF-8"?>
<!-- Generated by org.testng.reporters.JUnitReportReporter -->
<testsuite hostname="BLSS-SALE050" name="pages.EmploymentPage" tests="1" failures="0" timestamp="18 Sep 2018 11:41:33 GMT" time="68.076" errors="0">
  <testcase name="enterAssetsInfoDir" time="68.076" classname="pages.EmploymentPage"/>
</testsuite> <!-- pages.EmploymentPage -->
