<?xml version="1.0" encoding="UTF-8"?>
<!-- Generated by org.testng.reporters.JUnitReportReporter -->
<testsuite hostname="BLSS-SALE050" name="pages.LiabilityPage" tests="1" failures="0" timestamp="19 Sep 2018 09:17:41 GMT" time="43.016" errors="0">
  <testcase name="enterLiabilityInfo" time="43.016" classname="pages.LiabilityPage"/>
</testsuite> <!-- pages.LiabilityPage -->
