<?xml version="1.0" encoding="UTF-8"?>
<!-- Generated by org.testng.reporters.JUnitReportReporter -->
<testsuite hostname="WIN-N8LPM3I5HOH" name="pages.CompliancePage" tests="1" failures="0" timestamp="5 Nov 2018 06:48:53 GMT" time="37.202" errors="0">
  <testcase name="enterAssetsInfoDir" time="37.202" classname="pages.CompliancePage"/>
</testsuite> <!-- pages.CompliancePage -->
