<?xml version="1.0" encoding="UTF-8"?>
<!-- Generated by org.testng.reporters.JUnitReportReporter -->
<testsuite hostname="BLSS-SALE050" name="pages.ScheduleLoanForClosingpage" tests="1" failures="0" timestamp="5 Sep 2018 08:54:48 GMT" time="72.244" errors="0">
  <testcase name="enterAssetsInfoDir" time="72.244" classname="pages.ScheduleLoanForClosingpage"/>
</testsuite> <!-- pages.ScheduleLoanForClosingpage -->
