<?xml version="1.0" encoding="UTF-8"?>
<!-- Generated by org.testng.reporters.JUnitReportReporter -->
<testsuite hostname="WIN-N8LPM3I5HOH" name="pages.ClosingCostDetailsPage" tests="1" failures="0" timestamp="5 Nov 2018 06:47:01 GMT" time="17.859" errors="0">
  <testcase name="enterAssetsInfoDir" time="17.859" classname="pages.ClosingCostDetailsPage"/>
</testsuite> <!-- pages.ClosingCostDetailsPage -->
