<?xml version="1.0" encoding="UTF-8"?>
<!-- Generated by org.testng.reporters.JUnitReportReporter -->
<testsuite hostname="BLSS-SALE050" name="pages.EmploymentVerificationPage" tests="1" failures="0" timestamp="3 Jul 2018 10:29:59 GMT" time="38.798" errors="0">
  <testcase name="enterAssetsInfoDir" time="38.798" classname="pages.EmploymentVerificationPage"/>
</testsuite> <!-- pages.EmploymentVerificationPage -->
