<?xml version="1.0" encoding="UTF-8"?>
<!-- Generated by org.testng.reporters.JUnitReportReporter -->
<testsuite hostname="BLSS-SALE050" name="pages.LoanConditionsPage" tests="1" failures="0" timestamp="3 Jul 2018 11:11:40 GMT" time="47.984" errors="0">
  <testcase name="enterAssetsInfoDir" time="47.984" classname="pages.LoanConditionsPage"/>
</testsuite> <!-- pages.LoanConditionsPage -->
