<?xml version="1.0" encoding="UTF-8"?>
<!-- Generated by org.testng.reporters.JUnitReportReporter -->
<testsuite hostname="BLSS-SALE050" name="pages.LoanSourcePage" tests="1" failures="0" timestamp="3 Jul 2018 11:29:05 GMT" time="51.808" errors="0">
  <testcase name="enterAssetsInfoDir" time="51.808" classname="pages.LoanSourcePage"/>
</testsuite> <!-- pages.LoanSourcePage -->
