<?xml version="1.0" encoding="UTF-8"?>
<!-- Generated by org.testng.reporters.JUnitReportReporter -->
<testsuite hostname="WIN-N8LPM3I5HOH" name="pages.BorrowersPage" tests="1" failures="0" timestamp="5 Nov 2018 11:44:59 GMT" time="85.553" errors="0">
  <testcase name="enterAssetsInfoDir" time="85.553" classname="pages.BorrowersPage"/>
</testsuite> <!-- pages.BorrowersPage -->
