<?xml version="1.0" encoding="UTF-8"?>
<!-- Generated by org.testng.reporters.JUnitReportReporter -->
<testsuite hostname="BLSS-SALE050" name="pages.LOSHousingExpensePage" tests="1" failures="0" timestamp="3 Jul 2018 13:07:20 GMT" time="146.373" errors="0">
  <testcase name="enterAssetsInfoDir" time="146.373" classname="pages.LOSHousingExpensePage"/>
</testsuite> <!-- pages.LOSHousingExpensePage -->
