<?xml version="1.0" encoding="UTF-8"?>
<!-- Generated by org.testng.reporters.JUnitReportReporter -->
<testsuite hostname="BLSS-SALE050" name="pages.LiabilityVerificationPage" tests="1" failures="0" timestamp="20 Jul 2018 08:54:16 GMT" time="48.244" errors="0">
  <testcase name="enterAssetsInfoDir" time="48.244" classname="pages.LiabilityVerificationPage"/>
</testsuite> <!-- pages.LiabilityVerificationPage -->
