<?xml version="1.0" encoding="UTF-8"?>
<!-- Generated by org.testng.reporters.JUnitReportReporter -->
<testsuite hostname="BLSS-SALE050" name="pages.DocumentPackagePage" tests="1" failures="0" timestamp="3 Jul 2018 10:11:54 GMT" time="56.288" errors="0">
  <testcase name="enterAssetsInfoDir" time="56.288" classname="pages.DocumentPackagePage"/>
</testsuite> <!-- pages.DocumentPackagePage -->
