<?xml version="1.0" encoding="UTF-8"?>
<!-- Generated by org.testng.reporters.JUnitReportReporter -->
<testsuite hostname="BLSS-SALE050" name="pages.LoanFoldersPage" tests="1" failures="0" timestamp="3 Jul 2018 11:17:21 GMT" time="37.129" errors="0">
  <testcase name="enterAssetsInfoDir" time="37.129" classname="pages.LoanFoldersPage"/>
</testsuite> <!-- pages.LoanFoldersPage -->
