<?xml version="1.0" encoding="UTF-8"?>
<!-- Generated by org.testng.reporters.JUnitReportReporter -->
<testsuite hostname="WIN-N8LPM3I5HOH" name="pages.LOSLoanPricingPage" tests="1" failures="0" timestamp="29 Oct 2018 10:03:42 GMT" time="39.390" errors="0">
  <testcase name="enterAssetsInfoDir" time="39.390" classname="pages.LOSLoanPricingPage"/>
</testsuite> <!-- pages.LOSLoanPricingPage -->
