<?xml version="1.0" encoding="UTF-8"?>
<!-- Generated by org.testng.reporters.JUnitReportReporter -->
<testsuite hostname="BLSS-SALE050" name="pages.DecisioningPage" tests="1" failures="0" timestamp="3 Jul 2018 09:58:31 GMT" time="46.861" errors="0">
  <testcase name="enterAssetsInfoDir" time="46.861" classname="pages.DecisioningPage"/>
</testsuite> <!-- pages.DecisioningPage -->
