<?xml version="1.0" encoding="UTF-8"?>
<!-- Generated by org.testng.reporters.JUnitReportReporter -->
<testsuite hostname="WIN-N8LPM3I5HOH" name="pages.CreditPage" tests="1" failures="0" timestamp="5 Nov 2018 11:48:47 GMT" time="56.811" errors="0">
  <testcase name="enterAssetsInfoDir" time="56.811" classname="pages.CreditPage"/>
</testsuite> <!-- pages.CreditPage -->
