<?xml version="1.0" encoding="UTF-8"?>
<!-- Generated by org.testng.reporters.JUnitReportReporter -->
<testsuite hostname="WIN-N8LPM3I5HOH" name="pages.ConsentPage" tests="1" failures="0" timestamp="5 Nov 2018 11:47:19 GMT" time="66.170" errors="0">
  <testcase name="enterAssetsInfoDir" time="66.170" classname="pages.ConsentPage"/>
</testsuite> <!-- pages.ConsentPage -->
