<?xml version="1.0" encoding="UTF-8"?>
<!-- Generated by org.testng.reporters.JUnitReportReporter -->
<testsuite hostname="BLSS-SALE050" name="pages.DemographicPage" tests="1" failures="0" timestamp="3 Jul 2018 10:07:27 GMT" time="58.130" errors="0">
  <testcase name="enterAssetsInfoDir" time="58.130" classname="pages.DemographicPage"/>
</testsuite> <!-- pages.DemographicPage -->
